<?xml version="1.0" encoding="UTF-8"?>
<!-- Generated by org.testng.reporters.JUnitReportReporter -->
<testsuite skipped="0" hostname="Yogesh-PC" name="screenshot.demo1" tests="3" failures="0" timestamp="26 Mar 2021 05:29:46 GMT" time="19.135" errors="2">
  <testcase name="m2" time="2.801" classname="screenshot.demo1">
    <error type="org.openqa.selenium.SessionNotCreatedException" message="session not created: This version of ChromeDriver only supports Chrome version 87
Current browser version is 89.0.4389.90 with binary path C:\Program Files (x86)\Google\Chrome\Application\chrome.exe
Build info: version: &#039;3.141.59&#039;, revision: &#039;e82be7d358&#039;, time: &#039;2018-11-14T08:17:03&#039;
System info: host: &#039;YOGESH-PC&#039;, ip: &#039;192.168.2.4&#039;, os.name: &#039;Windows 7&#039;, os.arch: &#039;amd64&#039;, os.version: &#039;6.1&#039;, java.version: &#039;1.8.0_271&#039;
Driver info: driver.version: ChromeDriver
remote stacktrace: Backtrace:
	Ordinal0 [0x006EC0C3+3326147]
	Ordinal0 [0x005D0851+2164817]
	Ordinal0 [0x00457298+619160]
	Ordinal0 [0x003D1D92+73106]
	Ordinal0 [0x003CE119+57625]
	Ordinal0 [0x003CC38A+50058]
	Ordinal0 [0x003F5F3E+220990]
	Ordinal0 [0x003F5CAC+220332]
	Ordinal0 [0x003F189B+202907]
	Ordinal0 [0x003D3DF4+81396]
	Ordinal0 [0x003D4DEE+85486]
	Ordinal0 [0x003D4D79+85369]
	Ordinal0 [0x005E85DC+2262492]
	GetHandleVerifier [0x00872874+1487204]
	GetHandleVerifier [0x008723CD+1486013]
	GetHandleVerifier [0x0087A368+1518680]
	GetHandleVerifier [0x00872F4E+1488958]
	Ordinal0 [0x005DED0D+2223373]
	Ordinal0 [0x005EA12B+2269483]
	Ordinal0 [0x005EA26F+2269807]
	Ordinal0 [0x005FECB8+2354360]
	BaseThreadInitThunk [0x76E3343D+18]
	RtlInitializeExceptionChain [0x773C9832+99]
	RtlInitializeExceptionChain [0x773C9805+54]
">
      <![CDATA[org.openqa.selenium.SessionNotCreatedException: session not created: This version of ChromeDriver only supports Chrome version 87
Current browser version is 89.0.4389.90 with binary path C:\Program Files (x86)\Google\Chrome\Application\chrome.exe
Build info: version: '3.141.59', revision: 'e82be7d358', time: '2018-11-14T08:17:03'
System info: host: 'YOGESH-PC', ip: '192.168.2.4', os.name: 'Windows 7', os.arch: 'amd64', os.version: '6.1', java.version: '1.8.0_271'
Driver info: driver.version: ChromeDriver
remote stacktrace: Backtrace:
	Ordinal0 [0x006EC0C3+3326147]
	Ordinal0 [0x005D0851+2164817]
	Ordinal0 [0x00457298+619160]
	Ordinal0 [0x003D1D92+73106]
	Ordinal0 [0x003CE119+57625]
	Ordinal0 [0x003CC38A+50058]
	Ordinal0 [0x003F5F3E+220990]
	Ordinal0 [0x003F5CAC+220332]
	Ordinal0 [0x003F189B+202907]
	Ordinal0 [0x003D3DF4+81396]
	Ordinal0 [0x003D4DEE+85486]
	Ordinal0 [0x003D4D79+85369]
	Ordinal0 [0x005E85DC+2262492]
	GetHandleVerifier [0x00872874+1487204]
	GetHandleVerifier [0x008723CD+1486013]
	GetHandleVerifier [0x0087A368+1518680]
	GetHandleVerifier [0x00872F4E+1488958]
	Ordinal0 [0x005DED0D+2223373]
	Ordinal0 [0x005EA12B+2269483]
	Ordinal0 [0x005EA26F+2269807]
	Ordinal0 [0x005FECB8+2354360]
	BaseThreadInitThunk [0x76E3343D+18]
	RtlInitializeExceptionChain [0x773C9832+99]
	RtlInitializeExceptionChain [0x773C9805+54]

	at sun.reflect.NativeConstructorAccessorImpl.newInstance0(Native Method)
	at sun.reflect.NativeConstructorAccessorImpl.newInstance(NativeConstructorAccessorImpl.java:62)
	at sun.reflect.DelegatingConstructorAccessorImpl.newInstance(DelegatingConstructorAccessorImpl.java:45)
	at java.lang.reflect.Constructor.newInstance(Constructor.java:423)
	at org.openqa.selenium.remote.W3CHandshakeResponse.lambda$errorHandler$0(W3CHandshakeResponse.java:62)
	at org.openqa.selenium.remote.HandshakeResponse.lambda$getResponseFunction$0(HandshakeResponse.java:30)
	at org.openqa.selenium.remote.ProtocolHandshake.lambda$createSession$0(ProtocolHandshake.java:126)
	at java.util.stream.ReferencePipeline$3$1.accept(ReferencePipeline.java:193)
	at java.util.Spliterators$ArraySpliterator.tryAdvance(Spliterators.java:958)
	at java.util.stream.ReferencePipeline.forEachWithCancel(ReferencePipeline.java:126)
	at java.util.stream.AbstractPipeline.copyIntoWithCancel(AbstractPipeline.java:499)
	at java.util.stream.AbstractPipeline.copyInto(AbstractPipeline.java:486)
	at java.util.stream.AbstractPipeline.wrapAndCopyInto(AbstractPipeline.java:472)
	at java.util.stream.FindOps$FindOp.evaluateSequential(FindOps.java:152)
	at java.util.stream.AbstractPipeline.evaluate(AbstractPipeline.java:234)
	at java.util.stream.ReferencePipeline.findFirst(ReferencePipeline.java:464)
	at org.openqa.selenium.remote.ProtocolHandshake.createSession(ProtocolHandshake.java:128)
	at org.openqa.selenium.remote.ProtocolHandshake.createSession(ProtocolHandshake.java:74)
	at org.openqa.selenium.remote.HttpCommandExecutor.execute(HttpCommandExecutor.java:136)
	at org.openqa.selenium.remote.service.DriverCommandExecutor.execute(DriverCommandExecutor.java:83)
	at org.openqa.selenium.remote.RemoteWebDriver.execute(RemoteWebDriver.java:552)
	at org.openqa.selenium.remote.RemoteWebDriver.startSession(RemoteWebDriver.java:213)
	at org.openqa.selenium.remote.RemoteWebDriver.<init>(RemoteWebDriver.java:131)
	at org.openqa.selenium.chrome.ChromeDriver.<init>(ChromeDriver.java:181)
	at org.openqa.selenium.chrome.ChromeDriver.<init>(ChromeDriver.java:168)
	at org.openqa.selenium.chrome.ChromeDriver.<init>(ChromeDriver.java:123)
	at screenshot.demo1.m2(demo1.java:86)
	at sun.reflect.NativeMethodAccessorImpl.invoke0(Native Method)
	at sun.reflect.NativeMethodAccessorImpl.invoke(NativeMethodAccessorImpl.java:62)
	at sun.reflect.DelegatingMethodAccessorImpl.invoke(DelegatingMethodAccessorImpl.java:43)
	at java.lang.reflect.Method.invoke(Method.java:498)
	at org.testng.internal.MethodInvocationHelper.invokeMethod(MethodInvocationHelper.java:100)
	at org.testng.internal.Invoker.invokeMethod(Invoker.java:646)
	at org.testng.internal.Invoker.invokeTestMethod(Invoker.java:811)
	at org.testng.internal.Invoker.invokeTestMethods(Invoker.java:1137)
	at org.testng.internal.TestMethodWorker.invokeTestMethods(TestMethodWorker.java:129)
	at org.testng.internal.TestMethodWorker.run(TestMethodWorker.java:112)
	at org.testng.TestRunner.privateRun(TestRunner.java:753)
	at org.testng.TestRunner.run(TestRunner.java:607)
	at org.testng.SuiteRunner.runTest(SuiteRunner.java:368)
	at org.testng.SuiteRunner.runSequentially(SuiteRunner.java:363)
	at org.testng.SuiteRunner.privateRun(SuiteRunner.java:321)
	at org.testng.SuiteRunner.run(SuiteRunner.java:270)
	at org.testng.SuiteRunnerWorker.runSuite(SuiteRunnerWorker.java:52)
	at org.testng.SuiteRunnerWorker.run(SuiteRunnerWorker.java:86)
	at org.testng.TestNG.runSuitesSequentially(TestNG.java:1284)
	at org.testng.TestNG.runSuitesLocally(TestNG.java:1209)
	at org.testng.TestNG.runSuites(TestNG.java:1124)
	at org.testng.TestNG.run(TestNG.java:1096)
	at org.testng.remote.AbstractRemoteTestNG.run(AbstractRemoteTestNG.java:132)
	at org.testng.remote.RemoteTestNG.initAndRun(RemoteTestNG.java:236)
	at org.testng.remote.RemoteTestNG.main(RemoteTestNG.java:81)
]]>
    </error>
  </testcase> <!-- m2 -->
  <testcase name="m1" time="2.532" classname="screenshot.demo1">
    <error type="org.openqa.selenium.SessionNotCreatedException" message="session not created: This version of ChromeDriver only supports Chrome version 87
Current browser version is 89.0.4389.90 with binary path C:\Program Files (x86)\Google\Chrome\Application\chrome.exe
Build info: version: &#039;3.141.59&#039;, revision: &#039;e82be7d358&#039;, time: &#039;2018-11-14T08:17:03&#039;
System info: host: &#039;YOGESH-PC&#039;, ip: &#039;192.168.2.4&#039;, os.name: &#039;Windows 7&#039;, os.arch: &#039;amd64&#039;, os.version: &#039;6.1&#039;, java.version: &#039;1.8.0_271&#039;
Driver info: driver.version: ChromeDriver
remote stacktrace: Backtrace:
	Ordinal0 [0x006EC0C3+3326147]
	Ordinal0 [0x005D0851+2164817]
	Ordinal0 [0x00457298+619160]
	Ordinal0 [0x003D1D92+73106]
	Ordinal0 [0x003CE119+57625]
	Ordinal0 [0x003CC38A+50058]
	Ordinal0 [0x003F5F3E+220990]
	Ordinal0 [0x003F5CAC+220332]
	Ordinal0 [0x003F189B+202907]
	Ordinal0 [0x003D3DF4+81396]
	Ordinal0 [0x003D4DEE+85486]
	Ordinal0 [0x003D4D79+85369]
	Ordinal0 [0x005E85DC+2262492]
	GetHandleVerifier [0x00872874+1487204]
	GetHandleVerifier [0x008723CD+1486013]
	GetHandleVerifier [0x0087A368+1518680]
	GetHandleVerifier [0x00872F4E+1488958]
	Ordinal0 [0x005DED0D+2223373]
	Ordinal0 [0x005EA12B+2269483]
	Ordinal0 [0x005EA26F+2269807]
	Ordinal0 [0x005FECB8+2354360]
	BaseThreadInitThunk [0x76E3343D+18]
	RtlInitializeExceptionChain [0x773C9832+99]
	RtlInitializeExceptionChain [0x773C9805+54]
">
      <![CDATA[org.openqa.selenium.SessionNotCreatedException: session not created: This version of ChromeDriver only supports Chrome version 87
Current browser version is 89.0.4389.90 with binary path C:\Program Files (x86)\Google\Chrome\Application\chrome.exe
Build info: version: '3.141.59', revision: 'e82be7d358', time: '2018-11-14T08:17:03'
System info: host: 'YOGESH-PC', ip: '192.168.2.4', os.name: 'Windows 7', os.arch: 'amd64', os.version: '6.1', java.version: '1.8.0_271'
Driver info: driver.version: ChromeDriver
remote stacktrace: Backtrace:
	Ordinal0 [0x006EC0C3+3326147]
	Ordinal0 [0x005D0851+2164817]
	Ordinal0 [0x00457298+619160]
	Ordinal0 [0x003D1D92+73106]
	Ordinal0 [0x003CE119+57625]
	Ordinal0 [0x003CC38A+50058]
	Ordinal0 [0x003F5F3E+220990]
	Ordinal0 [0x003F5CAC+220332]
	Ordinal0 [0x003F189B+202907]
	Ordinal0 [0x003D3DF4+81396]
	Ordinal0 [0x003D4DEE+85486]
	Ordinal0 [0x003D4D79+85369]
	Ordinal0 [0x005E85DC+2262492]
	GetHandleVerifier [0x00872874+1487204]
	GetHandleVerifier [0x008723CD+1486013]
	GetHandleVerifier [0x0087A368+1518680]
	GetHandleVerifier [0x00872F4E+1488958]
	Ordinal0 [0x005DED0D+2223373]
	Ordinal0 [0x005EA12B+2269483]
	Ordinal0 [0x005EA26F+2269807]
	Ordinal0 [0x005FECB8+2354360]
	BaseThreadInitThunk [0x76E3343D+18]
	RtlInitializeExceptionChain [0x773C9832+99]
	RtlInitializeExceptionChain [0x773C9805+54]

	at sun.reflect.NativeConstructorAccessorImpl.newInstance0(Native Method)
	at sun.reflect.NativeConstructorAccessorImpl.newInstance(NativeConstructorAccessorImpl.java:62)
	at sun.reflect.DelegatingConstructorAccessorImpl.newInstance(DelegatingConstructorAccessorImpl.java:45)
	at java.lang.reflect.Constructor.newInstance(Constructor.java:423)
	at org.openqa.selenium.remote.W3CHandshakeResponse.lambda$errorHandler$0(W3CHandshakeResponse.java:62)
	at org.openqa.selenium.remote.HandshakeResponse.lambda$getResponseFunction$0(HandshakeResponse.java:30)
	at org.openqa.selenium.remote.ProtocolHandshake.lambda$createSession$0(ProtocolHandshake.java:126)
	at java.util.stream.ReferencePipeline$3$1.accept(ReferencePipeline.java:193)
	at java.util.Spliterators$ArraySpliterator.tryAdvance(Spliterators.java:958)
	at java.util.stream.ReferencePipeline.forEachWithCancel(ReferencePipeline.java:126)
	at java.util.stream.AbstractPipeline.copyIntoWithCancel(AbstractPipeline.java:499)
	at java.util.stream.AbstractPipeline.copyInto(AbstractPipeline.java:486)
	at java.util.stream.AbstractPipeline.wrapAndCopyInto(AbstractPipeline.java:472)
	at java.util.stream.FindOps$FindOp.evaluateSequential(FindOps.java:152)
	at java.util.stream.AbstractPipeline.evaluate(AbstractPipeline.java:234)
	at java.util.stream.ReferencePipeline.findFirst(ReferencePipeline.java:464)
	at org.openqa.selenium.remote.ProtocolHandshake.createSession(ProtocolHandshake.java:128)
	at org.openqa.selenium.remote.ProtocolHandshake.createSession(ProtocolHandshake.java:74)
	at org.openqa.selenium.remote.HttpCommandExecutor.execute(HttpCommandExecutor.java:136)
	at org.openqa.selenium.remote.service.DriverCommandExecutor.execute(DriverCommandExecutor.java:83)
	at org.openqa.selenium.remote.RemoteWebDriver.execute(RemoteWebDriver.java:552)
	at org.openqa.selenium.remote.RemoteWebDriver.startSession(RemoteWebDriver.java:213)
	at org.openqa.selenium.remote.RemoteWebDriver.<init>(RemoteWebDriver.java:131)
	at org.openqa.selenium.chrome.ChromeDriver.<init>(ChromeDriver.java:181)
	at org.openqa.selenium.chrome.ChromeDriver.<init>(ChromeDriver.java:168)
	at org.openqa.selenium.chrome.ChromeDriver.<init>(ChromeDriver.java:123)
	at screenshot.demo1.m1(demo1.java:59)
	at sun.reflect.NativeMethodAccessorImpl.invoke0(Native Method)
	at sun.reflect.NativeMethodAccessorImpl.invoke(NativeMethodAccessorImpl.java:62)
	at sun.reflect.DelegatingMethodAccessorImpl.invoke(DelegatingMethodAccessorImpl.java:43)
	at java.lang.reflect.Method.invoke(Method.java:498)
	at org.testng.internal.MethodInvocationHelper.invokeMethod(MethodInvocationHelper.java:100)
	at org.testng.internal.Invoker.invokeMethod(Invoker.java:646)
	at org.testng.internal.Invoker.invokeTestMethod(Invoker.java:811)
	at org.testng.internal.Invoker.invokeTestMethods(Invoker.java:1137)
	at org.testng.internal.TestMethodWorker.invokeTestMethods(TestMethodWorker.java:129)
	at org.testng.internal.TestMethodWorker.run(TestMethodWorker.java:112)
	at org.testng.TestRunner.privateRun(TestRunner.java:753)
	at org.testng.TestRunner.run(TestRunner.java:607)
	at org.testng.SuiteRunner.runTest(SuiteRunner.java:368)
	at org.testng.SuiteRunner.runSequentially(SuiteRunner.java:363)
	at org.testng.SuiteRunner.privateRun(SuiteRunner.java:321)
	at org.testng.SuiteRunner.run(SuiteRunner.java:270)
	at org.testng.SuiteRunnerWorker.runSuite(SuiteRunnerWorker.java:52)
	at org.testng.SuiteRunnerWorker.run(SuiteRunnerWorker.java:86)
	at org.testng.TestNG.runSuitesSequentially(TestNG.java:1284)
	at org.testng.TestNG.runSuitesLocally(TestNG.java:1209)
	at org.testng.TestNG.runSuites(TestNG.java:1124)
	at org.testng.TestNG.run(TestNG.java:1096)
	at org.testng.remote.AbstractRemoteTestNG.run(AbstractRemoteTestNG.java:132)
	at org.testng.remote.RemoteTestNG.initAndRun(RemoteTestNG.java:236)
	at org.testng.remote.RemoteTestNG.main(RemoteTestNG.java:81)
]]>
    </error>
  </testcase> <!-- m1 -->
  <testcase name="m" time="13.802" classname="screenshot.demo1"/>
</testsuite> <!-- screenshot.demo1 -->
